<?xml version="1.0" encoding="UTF-8"?>
<!-- Generated by org.testng.reporters.JUnitReportReporter -->
<testsuite skipped="0" hostname="DESKTOP-R31J20A" name="com.qa.appium.generalStore.tests.LetsShopPageTest" tests="2" failures="0" timestamp="03 May 2020 23:31:13 GMT" time="12.839" errors="0">
  <testcase name="verifyPageTitleTest" time="4.632" classname="com.qa.appium.generalStore.tests.LetsShopPageTest"/>
  <testcase name="generalStorePageTest" time="8.207" classname="com.qa.appium.generalStore.tests.LetsShopPageTest"/>
</testsuite> <!-- com.qa.appium.generalStore.tests.LetsShopPageTest -->
