<?xml version="1.0" encoding="UTF-8"?>
<!-- Generated by org.testng.reporters.JUnitReportReporter -->
<testsuite skipped="0" hostname="DESKTOP-R31J20A" name="com.qa.appium.generalStore.tests.productPageTest" tests="9" failures="0" timestamp="04 May 2020 07:26:55 GMT" time="28.286" errors="1">
  <testcase name="verifyProductPageTitleTest" time="1.738" classname="com.qa.appium.generalStore.tests.productPageTest"/>
  <testcase name="productsAddIntheCartTest" time="6.718" classname="com.qa.appium.generalStore.tests.productPageTest"/>
  <testcase name="productsAddIntheCartTest" time="6.841" classname="com.qa.appium.generalStore.tests.productPageTest"/>
  <testcase name="productsAddIntheCartTest" time="3.206" classname="com.qa.appium.generalStore.tests.productPageTest"/>
  <testcase name="productsAddIntheCartTest" time="6.870" classname="com.qa.appium.generalStore.tests.productPageTest"/>
  <testcase name="productsAddInTheCartTest" time="0.526" classname="com.qa.appium.generalStore.tests.productPageTest"/>
  <testcase name="gotToTheCartTest" time="0.044" classname="com.qa.appium.generalStore.tests.productPageTest"/>
  <testcase name="verifycartPageTitleTest" time="2.064" classname="com.qa.appium.generalStore.tests.productPageTest"/>
  <testcase name="verifyProductsAddedInTheCartTest" time="0.279" classname="com.qa.appium.generalStore.tests.productPageTest">
    <error type="java.lang.NoSuchMethodError" message="org.testng.Assert.assertEquals(DD)V">
      <![CDATA[java.lang.NoSuchMethodError: org.testng.Assert.assertEquals(DD)V
at com.qa.appium.generalStore.tests.productPageTest.verifyProductsAddedInTheCartTest(productPageTest.java:105)
at sun.reflect.NativeMethodAccessorImpl.invoke0(Native Method)
at sun.reflect.NativeMethodAccessorImpl.invoke(Unknown Source)
at sun.reflect.DelegatingMethodAccessorImpl.invoke(Unknown Source)
at java.lang.reflect.Method.invoke(Unknown Source)
at org.testng.internal.MethodInvocationHelper.invokeMethod(MethodInvocationHelper.java:124)
at org.testng.internal.Invoker.invokeMethod(Invoker.java:583)
at org.testng.internal.Invoker.invokeTestMethod(Invoker.java:719)
at org.testng.internal.Invoker.invokeTestMethods(Invoker.java:989)
at org.testng.internal.TestMethodWorker.invokeTestMethods(TestMethodWorker.java:125)
at org.testng.internal.TestMethodWorker.run(TestMethodWorker.java:109)
at org.testng.TestRunner.privateRun(TestRunner.java:648)
at org.testng.TestRunner.run(TestRunner.java:505)
at org.testng.SuiteRunner.runTest(SuiteRunner.java:455)
at org.testng.SuiteRunner.runSequentially(SuiteRunner.java:450)
at org.testng.SuiteRunner.privateRun(SuiteRunner.java:415)
at org.testng.SuiteRunner.run(SuiteRunner.java:364)
at org.testng.SuiteRunnerWorker.runSuite(SuiteRunnerWorker.java:52)
at org.testng.SuiteRunnerWorker.run(SuiteRunnerWorker.java:84)
at org.testng.TestNG.runSuitesSequentially(TestNG.java:1208)
at org.testng.TestNG.runSuitesLocally(TestNG.java:1137)
at org.testng.TestNG.runSuites(TestNG.java:1049)
at org.testng.TestNG.run(TestNG.java:1017)
at org.testng.remote.AbstractRemoteTestNG.run(AbstractRemoteTestNG.java:114)
at org.testng.remote.RemoteTestNG.initAndRun(RemoteTestNG.java:251)
at org.testng.remote.RemoteTestNG.main(RemoteTestNG.java:77)
]]>
    </error>
  </testcase> <!-- verifyProductsAddedInTheCartTest -->
</testsuite> <!-- com.qa.appium.generalStore.tests.productPageTest -->
